<?xml version="1.0" encoding="UTF-8"?>

<beans xmlns="http://www.springframework.org/schema/beans"
	xmlns:xsi="http://www.w3.org/2001/XMLSchema-instance" xmlns:tx="http://www.springframework.org/schema/tx"
	xmlns:jdbc="http://www.springframework.org/schema/jdbc" xmlns:context="http://www.springframework.org/schema/context"
	xsi:schemaLocation="
     	http://www.springframework.org/schema/context http://www.springframework.org/schema/context/spring-context.xsd
     	http://www.springframework.org/schema/beans http://www.springframework.org/schema/beans/spring-beans.xsd">

	<import resource="classpath:common-beans.xml" />

	<bean id="mockStringProvider" class="com.fidelity.services.StringProviderMockImpl" />
	
	<bean id="importantService" class="com.fidelity.services.ImportantService">
		<constructor-arg name="sp" ref="mockStringProvider" />
	</bean>

</beans>
